# JRE version: Java(TM) SE Runtime Environment (18.0.1.1+2) (build 18.0.1.1+2-6)
# Java VM: Java HotSpot(TM) 64-Bit Server VM (18.0.1.1+2-6, mixed mode, sharing, tiered, compressed oops, compressed class ptrs, g1 gc, windows-amd64)
GC Precious Log:
 CardTable entry size: 512
 Card Set container configuration: InlinePtr #cards 5 size 8 Array Of Cards #cards 12 size 40 Howl #buckets 4 coarsen threshold 1843 Howl Bitmap #cards 512 size 80 coarsen threshold 460 Card regions per heap region 1 cards per card region 2048
 CPUs: 12 total, 12 available
 Memory: 7502M
 Large Page Support: Disabled
 NUMA Support: Disabled
 Compressed Oops: Enabled (32-bit)
 Heap Region Size: 1M
 Heap Min Capacity: 8M
 Heap Initial Capacity: 118M
 Heap Max Capacity: 2G
 Pre-touch: Disabled
 Parallel Workers: 10
 Concurrent Workers: 3
 Concurrent Refinement Workers: 10
 Periodic GC: Disabled
Heap:
 garbage-first heap   total 280576K, used 152182K [0x0000000080000000, 0x0000000100000000)
  region size 1024K, 10 young (10240K), 10 survivors (10240K)
 Metaspace       used 109554K, committed 111616K, reserved 1179648K
  class space    used 15102K, committed 16128K, reserved 1048576K
GC Heap History (20 events):
Event: 13.912 GC heap after
{Heap after GC invocations=29 (full 0):
 garbage-first heap   total 256000K, used 126159K [0x0000000080000000, 0x0000000100000000)
  region size 1024K, 11 young (11264K), 11 survivors (11264K)
 Metaspace       used 87893K, committed 89792K, reserved 1179648K
  class space    used 11930K, committed 12928K, reserved 1048576K
}
Event: 13.915 GC heap before
{Heap before GC invocations=29 (full 0):
 garbage-first heap   total 256000K, used 127183K [0x0000000080000000, 0x0000000100000000)
  region size 1024K, 12 young (12288K), 11 survivors (11264K)
 Metaspace       used 87895K, committed 89792K, reserved 1179648K
  class space    used 11930K, committed 12928K, reserved 1048576K
}
Event: 13.920 GC heap after
{Heap after GC invocations=30 (full 0):
 garbage-first heap   total 256000K, used 127172K [0x0000000080000000, 0x0000000100000000)
  region size 1024K, 2 young (2048K), 2 survivors (2048K)
 Metaspace       used 87895K, committed 89792K, reserved 1179648K
  class space    used 11930K, committed 12928K, reserved 1048576K
}
Event: 14.240 GC heap before
{Heap before GC invocations=30 (full 0):
 garbage-first heap   total 256000K, used 201924K [0x0000000080000000, 0x0000000100000000)
  region size 1024K, 76 young (77824K), 2 survivors (2048K)
 Metaspace       used 89016K, committed 90944K, reserved 1179648K
  class space    used 12022K, committed 13056K, reserved 1048576K
}
Event: 14.245 GC heap after
{Heap after GC invocations=31 (full 0):
 garbage-first heap   total 256000K, used 131936K [0x0000000080000000, 0x0000000100000000)
  region size 1024K, 6 young (6144K), 6 survivors (6144K)
 Metaspace       used 89016K, committed 90944K, reserved 1179648K
  class space    used 12022K, committed 13056K, reserved 1048576K
}
Event: 17.574 GC heap before
{Heap before GC invocations=32 (full 0):
 garbage-first heap   total 256000K, used 183136K [0x0000000080000000, 0x0000000100000000)
  region size 1024K, 79 young (80896K), 6 survivors (6144K)
 Metaspace       used 91494K, committed 93440K, reserved 1179648K
  class space    used 12271K, committed 13312K, reserved 1048576K
}
Event: 17.579 GC heap after
{Heap after GC invocations=33 (full 0):
 garbage-first heap   total 256000K, used 110764K [0x0000000080000000, 0x0000000100000000)
  region size 1024K, 4 young (4096K), 4 survivors (4096K)
 Metaspace       used 91494K, committed 93440K, reserved 1179648K
  class space    used 12271K, committed 13312K, reserved 1048576K
}
Event: 17.743 GC heap before
{Heap before GC invocations=33 (full 0):
 garbage-first heap   total 256000K, used 118956K [0x0000000080000000, 0x0000000100000000)
  region size 1024K, 12 young (12288K), 4 survivors (4096K)
 Metaspace       used 92011K, committed 93952K, reserved 1179648K
  class space    used 12325K, committed 13312K, reserved 1048576K
}
Event: 17.745 GC heap after
{Heap after GC invocations=34 (full 0):
 garbage-first heap   total 256000K, used 98145K [0x0000000080000000, 0x0000000100000000)
  region size 1024K, 1 young (1024K), 1 survivors (1024K)
 Metaspace       used 92011K, committed 93952K, reserved 1179648K
  class space    used 12325K, committed 13312K, reserved 1048576K
}
Event: 18.770 GC heap before
{Heap before GC invocations=34 (full 0):
 garbage-first heap   total 256000K, used 199521K [0x0000000080000000, 0x0000000100000000)
  region size 1024K, 101 young (103424K), 1 survivors (1024K)
 Metaspace       used 97505K, committed 99456K, reserved 1179648K
  class space    used 13021K, committed 14016K, reserved 1048576K
}
Event: 18.777 GC heap after
{Heap after GC invocations=35 (full 0):
 garbage-first heap   total 256000K, used 106880K [0x0000000080000000, 0x0000000100000000)
  region size 1024K, 10 young (10240K), 10 survivors (10240K)
 Metaspace       used 97505K, committed 99456K, reserved 1179648K
  class space    used 13021K, committed 14016K, reserved 1048576K
}
Event: 19.431 GC heap before
{Heap before GC invocations=35 (full 0):
 garbage-first heap   total 256000K, used 200064K [0x0000000080000000, 0x0000000100000000)
  region size 1024K, 102 young (104448K), 10 survivors (10240K)
 Metaspace       used 102268K, committed 104256K, reserved 1179648K
  class space    used 13766K, committed 14784K, reserved 1048576K
}
Event: 19.442 GC heap after
{Heap after GC invocations=36 (full 0):
 garbage-first heap   total 256000K, used 119685K [0x0000000080000000, 0x0000000100000000)
  region size 1024K, 13 young (13312K), 13 survivors (13312K)
 Metaspace       used 102268K, committed 104256K, reserved 1179648K
  class space    used 13766K, committed 14784K, reserved 1048576K
}
Event: 19.735 GC heap before
{Heap before GC invocations=36 (full 0):
 garbage-first heap   total 256000K, used 202629K [0x0000000080000000, 0x0000000100000000)
  region size 1024K, 95 young (97280K), 13 survivors (13312K)
 Metaspace       used 106104K, committed 108160K, reserved 1179648K
  class space    used 14383K, committed 15424K, reserved 1048576K
}
Event: 19.752 GC heap after
{Heap after GC invocations=37 (full 0):
 garbage-first heap   total 256000K, used 134537K [0x0000000080000000, 0x0000000100000000)
  region size 1024K, 12 young (12288K), 12 survivors (12288K)
 Metaspace       used 106104K, committed 108160K, reserved 1179648K
  class space    used 14383K, committed 15424K, reserved 1048576K
}
Event: 19.935 GC heap before
{Heap before GC invocations=38 (full 0):
 garbage-first heap   total 280576K, used 201097K [0x0000000080000000, 0x0000000100000000)
  region size 1024K, 79 young (80896K), 12 survivors (12288K)
 Metaspace       used 108100K, committed 110208K, reserved 1179648K
  class space    used 14859K, committed 15936K, reserved 1048576K
}
Event: 19.952 GC heap after
{Heap after GC invocations=39 (full 0):
 garbage-first heap   total 280576K, used 144863K [0x0000000080000000, 0x0000000100000000)
  region size 1024K, 10 young (10240K), 10 survivors (10240K)
 Metaspace       used 108100K, committed 110208K, reserved 1179648K
  class space    used 14859K, committed 15936K, reserved 1048576K
}
Event: 19.959 GC heap before
{Heap before GC invocations=39 (full 0):
 garbage-first heap   total 280576K, used 147935K [0x0000000080000000, 0x0000000100000000)
  region size 1024K, 13 young (13312K), 10 survivors (10240K)
 Metaspace       used 108208K, committed 110272K, reserved 1179648K
  class space    used 14869K, committed 15936K, reserved 1048576K
}
Event: 19.966 GC heap after
{Heap after GC invocations=40 (full 0):
 garbage-first heap   total 280576K, used 141557K [0x0000000080000000, 0x0000000100000000)
  region size 1024K, 2 young (2048K), 2 survivors (2048K)
 Metaspace       used 108208K, committed 110272K, reserved 1179648K
  class space    used 14869K, committed 15936K, reserved 1048576K
}
Event: 20.070 GC heap before
{Heap before GC invocations=40 (full 0):
 garbage-first heap   total 280576K, used 219381K [0x0000000080000000, 0x0000000100000000)
  region size 1024K, 79 young (80896K), 2 survivors (2048K)
 Metaspace       used 109554K, committed 111616K, reserved 1179648K
  class space    used 15102K, committed 16128K, reserved 1048576K
}

